[2026-07-15 10:49:48] Starting pipeline for: noonan
[2026-07-15 10:49:48] Project root: /home/abc/rare_disease_project
[2026-07-15 10:49:48] Threads: 4
[2026-07-15 10:49:48] SNV input: /home/abc/rare_disease_project/input/snv/synthetic_noonan_small_variants_GRCh38_unannotated.vcf
[2026-07-15 10:49:48] CNV input: /home/abc/rare_disease_project/input/cnv/synthetic_noonan_cnv_GRCh38_unannotated.bed
[2026-07-15 10:49:48] SNV step 1/6: bgzip and index the original VCF
[2026-07-15 10:49:49] SNV step 2/6: normalize and split multiallelic records
Lines   total/split/joined/realigned/skipped:	19/0/0/0/13
[2026-07-15 10:49:49] Input variant records: 19
[2026-07-15 10:49:49] Normalized variant records: 6
[2026-07-15 10:49:49] SNV step 3/6: VEP 115 offline annotation
[2026-07-15 10:49:50] SNV step 4/6: SnpEff consequence annotation
[2026-07-15 10:49:58] SNV step 5/6: ClinVar and ClinGen annotations
[2026-07-15 10:49:59] SNV step 6/6: standalone SpliceAI annotation
WARNING: Skipping mount /etc/resolv.conf [files]: /etc/resolv.conf doesn't exist in container
2026-07-15 10:50:03.900022: I tensorflow/core/platform/cpu_feature_guard.cc:142] Your CPU supports instructions that this TensorFlow binary was not compiled to use: SSE4.1 SSE4.2 AVX AVX2 FMA
2026-07-15 10:50:03.935131: I tensorflow/core/platform/profile_utils/cpu_utils.cc:94] CPU Frequency: 2496000000 Hz
2026-07-15 10:50:03.936085: I tensorflow/compiler/xla/service/service.cc:168] XLA service 0x5b3255c77e30 executing computations on platform Host. Devices:
2026-07-15 10:50:03.936115: I tensorflow/compiler/xla/service/service.cc:175]   StreamExecutor device (0): <undefined>, <undefined>
2026-07-15 10:50:04.146200: W tensorflow/compiler/jit/mark_for_compilation_pass.cc:1412] (One-time warning): Not using XLA:CPU for cluster because envvar TF_XLA_FLAGS=--tf_xla_cpu_global_jit was not set.  If you want XLA:CPU, either set that envvar, or use experimental_jit_scope to enable XLA:CPU.  To confirm that XLA is active, pass --vmodule=xla_compilation_cache=1 (as a proper command-line flag, not via TF_XLA_FLAGS) or set the envvar XLA_FLAGS=--xla_hlo_profile.
Using TensorFlow backend.
/usr/local/lib/python3.7/site-packages/tensorflow/python/framework/dtypes.py:516: FutureWarning: Passing (type, 1) or '1type' as a synonym of type is deprecated; in a future version of numpy, it will be understood as (type, (1,)) / '(1,)type'.
  _np_qint8 = np.dtype([("qint8", np.int8, 1)])
/usr/local/lib/python3.7/site-packages/tensorflow/python/framework/dtypes.py:517: FutureWarning: Passing (type, 1) or '1type' as a synonym of type is deprecated; in a future version of numpy, it will be understood as (type, (1,)) / '(1,)type'.
  _np_quint8 = np.dtype([("quint8", np.uint8, 1)])
/usr/local/lib/python3.7/site-packages/tensorflow/python/framework/dtypes.py:518: FutureWarning: Passing (type, 1) or '1type' as a synonym of type is deprecated; in a future version of numpy, it will be understood as (type, (1,)) / '(1,)type'.
  _np_qint16 = np.dtype([("qint16", np.int16, 1)])
/usr/local/lib/python3.7/site-packages/tensorflow/python/framework/dtypes.py:519: FutureWarning: Passing (type, 1) or '1type' as a synonym of type is deprecated; in a future version of numpy, it will be understood as (type, (1,)) / '(1,)type'.
  _np_quint16 = np.dtype([("quint16", np.uint16, 1)])
/usr/local/lib/python3.7/site-packages/tensorflow/python/framework/dtypes.py:520: FutureWarning: Passing (type, 1) or '1type' as a synonym of type is deprecated; in a future version of numpy, it will be understood as (type, (1,)) / '(1,)type'.
  _np_qint32 = np.dtype([("qint32", np.int32, 1)])
/usr/local/lib/python3.7/site-packages/tensorflow/python/framework/dtypes.py:525: FutureWarning: Passing (type, 1) or '1type' as a synonym of type is deprecated; in a future version of numpy, it will be understood as (type, (1,)) / '(1,)type'.
  np_resource = np.dtype([("resource", np.ubyte, 1)])
/usr/local/lib/python3.7/site-packages/tensorboard/compat/tensorflow_stub/dtypes.py:541: FutureWarning: Passing (type, 1) or '1type' as a synonym of type is deprecated; in a future version of numpy, it will be understood as (type, (1,)) / '(1,)type'.
  _np_qint8 = np.dtype([("qint8", np.int8, 1)])
/usr/local/lib/python3.7/site-packages/tensorboard/compat/tensorflow_stub/dtypes.py:542: FutureWarning: Passing (type, 1) or '1type' as a synonym of type is deprecated; in a future version of numpy, it will be understood as (type, (1,)) / '(1,)type'.
  _np_quint8 = np.dtype([("quint8", np.uint8, 1)])
/usr/local/lib/python3.7/site-packages/tensorboard/compat/tensorflow_stub/dtypes.py:543: FutureWarning: Passing (type, 1) or '1type' as a synonym of type is deprecated; in a future version of numpy, it will be understood as (type, (1,)) / '(1,)type'.
  _np_qint16 = np.dtype([("qint16", np.int16, 1)])
/usr/local/lib/python3.7/site-packages/tensorboard/compat/tensorflow_stub/dtypes.py:544: FutureWarning: Passing (type, 1) or '1type' as a synonym of type is deprecated; in a future version of numpy, it will be understood as (type, (1,)) / '(1,)type'.
  _np_quint16 = np.dtype([("quint16", np.uint16, 1)])
/usr/local/lib/python3.7/site-packages/tensorboard/compat/tensorflow_stub/dtypes.py:545: FutureWarning: Passing (type, 1) or '1type' as a synonym of type is deprecated; in a future version of numpy, it will be understood as (type, (1,)) / '(1,)type'.
  _np_qint32 = np.dtype([("qint32", np.int32, 1)])
/usr/local/lib/python3.7/site-packages/tensorboard/compat/tensorflow_stub/dtypes.py:550: FutureWarning: Passing (type, 1) or '1type' as a synonym of type is deprecated; in a future version of numpy, it will be understood as (type, (1,)) / '(1,)type'.
  np_resource = np.dtype([("resource", np.ubyte, 1)])
/usr/local/lib/python3.7/site-packages/keras/engine/saving.py:341: UserWarning: No training configuration found in save file: the model was *not* compiled. Compile it manually.
  warnings.warn('No training configuration found in save file: '
WARNING:tensorflow:From /usr/local/lib/python3.7/site-packages/keras/backend/tensorflow_backend.py:422: The name tf.global_variables is deprecated. Please use tf.compat.v1.global_variables instead.

[2026-07-15 10:50:25] Final annotated SNV records: 6
[2026-07-15 10:50:25] Final SNV output: /home/abc/rare_disease_project/results/noonan/final/noonan.final.small_variants.annotated.vcf.gz
[2026-07-15 10:50:25] CNV step 1/3: AnnotSV
[2026-07-15 10:50:30] CNV step 2/3: ClassifyCNV
/project/tools/ClassifyCNV/ClassifyCNV.py Version 1.1.1
Results saved to /project/results/noonan/cnv/noonan.ClassifyCNV
Elapsed time: 0.48 seconds
[2026-07-15 10:50:30] CNV step 3/3: ISV-CNV with probability and SHAP values
Loading databases
Annotating CNVs
Annotated in 0.534286022 seconds
[10:50:34] WARNING: ../src/learner.cc:888: Found JSON model saved before XGBoost 1.6, please save the model using current version again. The support for old JSON model will be discontinued in XGBoost 2.3.
[10:50:34] WARNING: ../src/learner.cc:888: Found JSON model saved before XGBoost 1.6, please save the model using current version again. The support for old JSON model will be discontinued in XGBoost 2.3.
[10:50:34] WARNING: ../src/learner.cc:888: Found JSON model saved before XGBoost 1.6, please save the model using current version again. The support for old JSON model will be discontinued in XGBoost 2.3.
[10:50:34] WARNING: ../src/learner.cc:888: Found JSON model saved before XGBoost 1.6, please save the model using current version again. The support for old JSON model will be discontinued in XGBoost 2.3.
ISV-CNV output: /project/results/noonan/cnv/noonan.ISV_with_SHAP.tsv
[2026-07-15 10:50:35] Final CNV summary: /home/abc/rare_disease_project/results/noonan/final/noonan.final.cnv.summary.tsv
[2026-07-15 10:50:35] Pipeline completed successfully for: noonan
[2026-07-15 10:50:35] Output report: /home/abc/rare_disease_project/results/noonan/final/noonan.pipeline_outputs.txt
